{"level":"info","msg":"Server starting on port %s8080","time":"2025-05-23T15:28:01+08:00"}
{"level":"info","msg":"127.0.0.1 - [Fri, 23 May 2025 15:28:57 CST] \"GET /health HTTP/1.1 200 0s \"Mozilla/5.0 (Windows NT 10.0; Win64; x64) AppleWebKit/537.36 (KHTML, like Gecko) Chrome/136.0.0.0 Safari/537.36\" \"\n","time":"2025-05-23T15:28:57+08:00"}
{"level":"info","msg":"127.0.0.1 - [Fri, 23 May 2025 15:28:58 CST] \"GET /favicon.ico HTTP/1.1 404 0s \"Mozilla/5.0 (Windows NT 10.0; Win64; x64) AppleWebKit/537.36 (KHTML, like Gecko) Chrome/136.0.0.0 Safari/537.36\" \"\n","time":"2025-05-23T15:28:58+08:00"}
{"level":"info","msg":"127.0.0.1 - [Fri, 23 May 2025 15:34:16 CST] \"GET /api/v1/admin/users HTTP/1.1 401 0s \"Mozilla/5.0 (Windows NT 10.0; Win64; x64) AppleWebKit/537.36 (KHTML, like Gecko) Chrome/136.0.0.0 Safari/537.36\" \"\n","time":"2025-05-23T15:34:16+08:00"}
{"level":"info","msg":"127.0.0.1 - [Fri, 23 May 2025 15:46:11 CST] \"GET /api/v1/admin/users HTTP/1.1 401 0s \"\" \"\n","time":"2025-05-23T15:46:11+08:00"}
{"level":"info","msg":"127.0.0.1 - [Fri, 23 May 2025 15:48:40 CST] \"POST /api/v1/register HTTP/1.1 200 163.6163ms \"\" \"\n","time":"2025-05-23T15:48:40+08:00"}
{"level":"info","msg":"127.0.0.1 - [Fri, 23 May 2025 15:51:19 CST] \"POST /api/v1/login HTTP/1.1 200 70.4368ms \"\" \"\n","time":"2025-05-23T15:51:19+08:00"}
{"level":"info","msg":"127.0.0.1 - [Fri, 23 May 2025 15:59:18 CST] \"GET /api/v1/admin HTTP/1.1 404 0s \"\" \"\n","time":"2025-05-23T15:59:18+08:00"}
{"level":"info","msg":"127.0.0.1 - [Fri, 23 May 2025 15:59:47 CST] \"GET /api/v1/admin/users HTTP/1.1 200 1.0403ms \"\" \"\n","time":"2025-05-23T15:59:47+08:00"}
{"level":"info","msg":"Server starting on port %s8080","time":"2025-05-23T16:42:00+08:00"}
{"level":"info","msg":"127.0.0.1 - [Fri, 23 May 2025 16:42:14 CST] \"GET /api/v1/admin/users HTTP/1.1 200 6.1155ms \"\" \"\n","time":"2025-05-23T16:42:14+08:00"}
{"level":"info","msg":"127.0.0.1 - [Fri, 23 May 2025 16:44:01 CST] \"GET /api/v1/admin/users HTTP/1.1 200 3.6344ms \"\" \"\n","time":"2025-05-23T16:44:01+08:00"}
{"level":"info","msg":"127.0.0.1 - [Fri, 23 May 2025 16:45:12 CST] \"GET /api/v1/admin/users HTTP/1.1 200 2.9018ms \"\" \"\n","time":"2025-05-23T16:45:12+08:00"}
{"level":"info","msg":"Server starting on port %s8080","time":"2025-05-23T16:45:30+08:00"}
{"level":"info","msg":"127.0.0.1 - [Fri, 23 May 2025 16:46:11 CST] \"GET /api/v1/admin/users HTTP/1.1 200 34.0087376s \"\" \"\n","time":"2025-05-23T16:46:11+08:00"}
{"level":"info","msg":"Server starting on port %s8080","time":"2025-05-23T17:38:24+08:00"}
{"level":"info","msg":"127.0.0.1 - [Fri, 23 May 2025 17:38:33 CST] \"GET /api/v1/admin/users HTTP/1.1 404 0s \"\" \"\n","time":"2025-05-23T17:38:33+08:00"}
{"level":"info","msg":"Server starting on port %s8080","time":"2025-05-23T17:50:54+08:00"}
{"level":"info","msg":"127.0.0.1 - [Fri, 23 May 2025 17:51:44 CST] \"GET /api/v1/admin/users HTTP/1.1 200 12.6163ms \"\" \"\n","time":"2025-05-23T17:51:44+08:00"}
{"level":"info","msg":"Server starting on port %s8080","time":"2025-05-26T09:08:03+08:00"}
{"level":"info","msg":"127.0.0.1 - [Mon, 26 May 2025 09:08:18 CST] \"GET /user/list HTTP/1.1 404 0s \"\" \"\n","time":"2025-05-26T09:08:18+08:00"}
{"level":"info","msg":"127.0.0.1 - [Mon, 26 May 2025 09:08:20 CST] \"GET /user/list HTTP/1.1 404 0s \"\" \"\n","time":"2025-05-26T09:08:20+08:00"}
{"level":"info","msg":"127.0.0.1 - [Mon, 26 May 2025 09:08:20 CST] \"GET /user/list HTTP/1.1 404 0s \"\" \"\n","time":"2025-05-26T09:08:20+08:00"}
{"level":"info","msg":"127.0.0.1 - [Mon, 26 May 2025 09:08:21 CST] \"GET /user/list HTTP/1.1 404 0s \"\" \"\n","time":"2025-05-26T09:08:21+08:00"}
{"level":"info","msg":"127.0.0.1 - [Mon, 26 May 2025 09:08:21 CST] \"GET /user/list HTTP/1.1 404 0s \"\" \"\n","time":"2025-05-26T09:08:21+08:00"}
{"level":"info","msg":"::1 - [Mon, 26 May 2025 09:10:29 CST] \"GET /health HTTP/1.1 200 510.7µs \"\" \"\n","time":"2025-05-26T09:10:29+08:00"}
{"level":"info","msg":"::1 - [Mon, 26 May 2025 09:15:06 CST] \"GET //api/v1/login?username=admin\u0026password=admin HTTP/1.1 404 0s \"\" \"\n","time":"2025-05-26T09:15:06+08:00"}
{"level":"info","msg":"::1 - [Mon, 26 May 2025 09:18:33 CST] \"GET /api/v1/login?username=admin\u0026password=admin HTTP/1.1 404 0s \"\" \"\n","time":"2025-05-26T09:18:33+08:00"}
{"level":"info","msg":"::1 - [Mon, 26 May 2025 09:19:47 CST] \"POST /api/v1/login HTTP/1.1 200 107.5797ms \"\" \"\n","time":"2025-05-26T09:19:47+08:00"}
{"level":"info","msg":"::1 - [Mon, 26 May 2025 09:22:52 CST] \"GET /api/v1/users HTTP/1.1 404 0s \"\" \"\n","time":"2025-05-26T09:22:52+08:00"}
{"level":"info","msg":"::1 - [Mon, 26 May 2025 09:23:09 CST] \"GET /api/v1/admin/users HTTP/1.1 401 0s \"\" \"\n","time":"2025-05-26T09:23:09+08:00"}
{"level":"info","msg":"::1 - [Mon, 26 May 2025 09:24:13 CST] \"GET /api/v1/admin/users HTTP/1.1 200 8.7993ms \"\" \"\n","time":"2025-05-26T09:24:13+08:00"}
{"level":"info","msg":"Server starting on port %s8080","time":"2025-05-26T09:35:04+08:00"}
{"level":"info","msg":"::1 - [Mon, 26 May 2025 09:35:17 CST] \"GET /api/v1/admin/users HTTP/1.1 200 2.5057ms \"\" \"\n","time":"2025-05-26T09:35:17+08:00"}
{"level":"info","msg":"::1 - [Mon, 26 May 2025 09:35:18 CST] \"GET /api/v1/admin/users HTTP/1.1 200 2.2129ms \"\" \"\n","time":"2025-05-26T09:35:18+08:00"}
{"level":"info","msg":"::1 - [Mon, 26 May 2025 09:35:19 CST] \"GET /api/v1/admin/users HTTP/1.1 200 7.3658ms \"\" \"\n","time":"2025-05-26T09:35:19+08:00"}
{"level":"info","msg":"Server starting on port %s8080","time":"2025-05-26T11:03:07+08:00"}
{"level":"info","msg":"::1 - [Mon, 26 May 2025 11:03:21 CST] \"GET /api/v1/admin/users HTTP/1.1 200 12.0327ms \"\" \"\n","time":"2025-05-26T11:03:21+08:00"}
{"level":"info","msg":"Server starting on port %s8080","time":"2025-05-26T11:04:04+08:00"}
{"level":"info","msg":"::1 - [Mon, 26 May 2025 11:04:14 CST] \"GET /api/v1/admin/users HTTP/1.1 200 4.5753ms \"\" \"\n","time":"2025-05-26T11:04:14+08:00"}
{"level":"info","msg":"Server starting on port %s8080","time":"2025-05-26T11:11:28+08:00"}
{"level":"info","msg":"::1 - [Mon, 26 May 2025 11:11:32 CST] \"GET /api/v1/admin/users HTTP/1.1 200 2.1939ms \"\" \"\n","time":"2025-05-26T11:11:32+08:00"}
{"level":"info","msg":"::1 - [Mon, 26 May 2025 11:11:33 CST] \"GET /api/v1/admin/users HTTP/1.1 200 1.5066ms \"\" \"\n","time":"2025-05-26T11:11:33+08:00"}
{"level":"info","msg":"::1 - [Mon, 26 May 2025 11:11:34 CST] \"GET /api/v1/admin/users HTTP/1.1 200 1.7584ms \"\" \"\n","time":"2025-05-26T11:11:34+08:00"}
{"level":"info","msg":"::1 - [Mon, 26 May 2025 11:11:34 CST] \"GET /api/v1/admin/users HTTP/1.1 200 1.9288ms \"\" \"\n","time":"2025-05-26T11:11:34+08:00"}
{"level":"info","msg":"::1 - [Mon, 26 May 2025 11:11:35 CST] \"GET /api/v1/admin/users HTTP/1.1 200 1.2013ms \"\" \"\n","time":"2025-05-26T11:11:35+08:00"}
{"level":"info","msg":"Server starting on port %s8080","time":"2025-05-26T11:12:20+08:00"}
{"level":"info","msg":"::1 - [Mon, 26 May 2025 11:12:27 CST] \"GET /api/v1/admin/users HTTP/1.1 200 1.9857ms \"\" \"\n","time":"2025-05-26T11:12:27+08:00"}
{"level":"info","msg":"::1 - [Mon, 26 May 2025 11:12:28 CST] \"GET /api/v1/admin/users HTTP/1.1 200 2.0986ms \"\" \"\n","time":"2025-05-26T11:12:28+08:00"}
{"level":"info","msg":"::1 - [Mon, 26 May 2025 11:12:28 CST] \"GET /api/v1/admin/users HTTP/1.1 200 1.5225ms \"\" \"\n","time":"2025-05-26T11:12:28+08:00"}
{"level":"info","msg":"::1 - [Mon, 26 May 2025 11:12:28 CST] \"GET /api/v1/admin/users HTTP/1.1 200 1.8596ms \"\" \"\n","time":"2025-05-26T11:12:28+08:00"}
{"level":"info","msg":"::1 - [Mon, 26 May 2025 11:12:28 CST] \"GET /api/v1/admin/users HTTP/1.1 200 1.4189ms \"\" \"\n","time":"2025-05-26T11:12:28+08:00"}
{"level":"info","msg":"Server starting on port %s8080","time":"2025-05-26T11:12:45+08:00"}
{"level":"info","msg":"::1 - [Mon, 26 May 2025 11:12:57 CST] \"GET /api/v1/admin/users HTTP/1.1 200 2.7369ms \"\" \"\n","time":"2025-05-26T11:12:57+08:00"}
{"level":"info","msg":"::1 - [Mon, 26 May 2025 11:12:57 CST] \"GET /api/v1/admin/users HTTP/1.1 200 1.5084ms \"\" \"\n","time":"2025-05-26T11:12:57+08:00"}
{"level":"info","msg":"Server starting on port %s8080","time":"2025-05-26T11:13:07+08:00"}
{"level":"info","msg":"::1 - [Mon, 26 May 2025 11:13:09 CST] \"GET /api/v1/admin/users HTTP/1.1 200 2.6197ms \"\" \"\n","time":"2025-05-26T11:13:09+08:00"}
{"level":"info","msg":"::1 - [Mon, 26 May 2025 11:13:09 CST] \"GET /api/v1/admin/users HTTP/1.1 200 1.5136ms \"\" \"\n","time":"2025-05-26T11:13:09+08:00"}
{"level":"info","msg":"::1 - [Mon, 26 May 2025 11:13:10 CST] \"GET /api/v1/admin/users HTTP/1.1 200 1.3931ms \"\" \"\n","time":"2025-05-26T11:13:10+08:00"}
{"level":"info","msg":"::1 - [Mon, 26 May 2025 11:13:10 CST] \"GET /api/v1/admin/users HTTP/1.1 200 1.2771ms \"\" \"\n","time":"2025-05-26T11:13:10+08:00"}
{"level":"info","msg":"Server starting on port %s8080","time":"2025-05-26T11:13:32+08:00"}
{"level":"info","msg":"::1 - [Mon, 26 May 2025 11:13:35 CST] \"GET /api/v1/admin/users HTTP/1.1 200 2.2585ms \"\" \"\n","time":"2025-05-26T11:13:35+08:00"}
{"level":"info","msg":"::1 - [Mon, 26 May 2025 11:13:36 CST] \"GET /api/v1/admin/users HTTP/1.1 200 1.7979ms \"\" \"\n","time":"2025-05-26T11:13:36+08:00"}
{"level":"info","msg":"::1 - [Mon, 26 May 2025 11:13:36 CST] \"GET /api/v1/admin/users HTTP/1.1 200 2.9402ms \"\" \"\n","time":"2025-05-26T11:13:36+08:00"}
{"level":"info","msg":"Server starting on port %s8080","time":"2025-05-26T11:14:17+08:00"}
{"level":"info","msg":"::1 - [Mon, 26 May 2025 11:14:28 CST] \"GET /api/v1/admin/users HTTP/1.1 200 4.8807ms \"\" \"\n","time":"2025-05-26T11:14:28+08:00"}
{"level":"info","msg":"::1 - [Mon, 26 May 2025 11:14:29 CST] \"GET /api/v1/admin/users HTTP/1.1 200 1.4827ms \"\" \"\n","time":"2025-05-26T11:14:29+08:00"}
{"level":"info","msg":"::1 - [Mon, 26 May 2025 11:14:29 CST] \"GET /api/v1/admin/users HTTP/1.1 200 503.4µs \"\" \"\n","time":"2025-05-26T11:14:29+08:00"}
{"level":"info","msg":"::1 - [Mon, 26 May 2025 11:14:29 CST] \"GET /api/v1/admin/users HTTP/1.1 200 1.2208ms \"\" \"\n","time":"2025-05-26T11:14:29+08:00"}
{"level":"info","msg":"::1 - [Mon, 26 May 2025 11:14:29 CST] \"GET /api/v1/admin/users HTTP/1.1 200 1.4056ms \"\" \"\n","time":"2025-05-26T11:14:29+08:00"}
{"level":"info","msg":"::1 - [Mon, 26 May 2025 11:14:29 CST] \"GET /api/v1/admin/users HTTP/1.1 200 1.5124ms \"\" \"\n","time":"2025-05-26T11:14:29+08:00"}
{"level":"info","msg":"Server starting on port %s8080","time":"2025-05-26T11:15:50+08:00"}
{"level":"info","msg":"Server starting on port %s8080","time":"2025-05-26T11:16:48+08:00"}
{"level":"info","msg":"Server starting on port %s8080","time":"2025-05-26T11:17:15+08:00"}
{"level":"info","msg":"Server starting on port %s8080","time":"2025-05-26T14:26:02+08:00"}
{"level":"info","msg":"::1 - [Mon, 26 May 2025 14:30:27 CST] \"POST /api/v1/admin/users HTTP/1.1 404 0s \"\" \"\n","time":"2025-05-26T14:30:27+08:00"}
{"level":"info","msg":"::1 - [Mon, 26 May 2025 14:30:46 CST] \"POST /api/v1/info/add HTTP/1.1 404 0s \"\" \"\n","time":"2025-05-26T14:30:46+08:00"}
{"level":"info","msg":"Server starting on port %s8080","time":"2025-05-26T14:31:03+08:00"}
{"level":"info","msg":"::1 - [Mon, 26 May 2025 14:31:05 CST] \"POST /api/v1/info/add HTTP/1.1 400 0s \"\" \"\n","time":"2025-05-26T14:31:05+08:00"}
{"level":"info","msg":"::1 - [Mon, 26 May 2025 14:31:18 CST] \"POST /api/v1/info/add HTTP/1.1 200 66.5412ms \"\" \"\n","time":"2025-05-26T14:31:18+08:00"}
{"level":"info","msg":"::1 - [Mon, 26 May 2025 14:32:33 CST] \"GET /api/v1/info/findById HTTP/1.1 500 4.2559ms \"\" \"\n","time":"2025-05-26T14:32:33+08:00"}
{"level":"info","msg":"Server starting on port %s8080","time":"2025-05-26T14:33:45+08:00"}
{"level":"info","msg":"::1 - [Mon, 26 May 2025 14:34:00 CST] \"GET /api/v1/info/ HTTP/1.1 500 3.1588ms \"\" \"\n","time":"2025-05-26T14:34:00+08:00"}
{"level":"info","msg":"Server starting on port %s8080","time":"2025-05-26T14:34:42+08:00"}
{"level":"info","msg":"::1 - [Mon, 26 May 2025 14:34:46 CST] \"GET /api/v1/info/ HTTP/1.1 200 4.8667ms \"\" \"\n","time":"2025-05-26T14:34:46+08:00"}
{"level":"info","msg":"::1 - [Mon, 26 May 2025 14:36:16 CST] \"GET /api/v1/admin/users HTTP/1.1 200 2.5177ms \"\" \"\n","time":"2025-05-26T14:36:16+08:00"}
{"level":"info","msg":"::1 - [Mon, 26 May 2025 14:36:30 CST] \"GET /api/v1/admin/users HTTP/1.1 200 1.4866ms \"\" \"\n","time":"2025-05-26T14:36:30+08:00"}
{"level":"info","msg":"Server starting on port %s8080","time":"2025-05-26T15:02:50+08:00"}
{"level":"info","msg":"::1 - [Mon, 26 May 2025 15:03:42 CST] \"GET /api/v1/admin/users HTTP/1.1 200 9.468ms \"\" \"\n","time":"2025-05-26T15:03:42+08:00"}
{"level":"info","msg":"Server starting on port %s8080","time":"2025-05-26T15:09:17+08:00"}
{"level":"info","msg":"::1 - [Mon, 26 May 2025 15:09:27 CST] \"POST /api/v1/login HTTP/1.1 200 70.55ms \"\" \"\n","time":"2025-05-26T15:09:27+08:00"}
{"level":"info","msg":"Server starting on port %s8080","time":"2025-05-26T15:11:33+08:00"}
{"level":"info","msg":"::1 - [Mon, 26 May 2025 15:11:41 CST] \"GET /api/v1/admin/users HTTP/1.1 401 1.6989ms \"\" \"\n","time":"2025-05-26T15:11:41+08:00"}
{"level":"info","msg":"Server starting on port %s8080","time":"2025-05-26T15:12:05+08:00"}
{"level":"info","msg":"::1 - [Mon, 26 May 2025 15:12:45 CST] \"GET /api/v1/admin/users HTTP/1.1 401 37.4696483s \"\" \"\n","time":"2025-05-26T15:12:45+08:00"}
{"level":"info","msg":"Server starting on port %s8080","time":"2025-05-26T15:15:01+08:00"}
{"level":"info","msg":"::1 - [Mon, 26 May 2025 15:15:05 CST] \"GET /api/v1/admin/users HTTP/1.1 401 730.4µs \"\" \"\n","time":"2025-05-26T15:15:05+08:00"}
{"level":"info","msg":"::1 - [Mon, 26 May 2025 15:15:06 CST] \"GET /api/v1/admin/users HTTP/1.1 401 1.6129ms \"\" \"\n","time":"2025-05-26T15:15:06+08:00"}
{"level":"info","msg":"Server starting on port %s8080","time":"2025-05-26T15:15:39+08:00"}
{"level":"info","msg":"::1 - [Mon, 26 May 2025 15:15:42 CST] \"GET /api/v1/admin/users HTTP/1.1 401 1.8722ms \"\" \"\n","time":"2025-05-26T15:15:42+08:00"}
{"level":"info","msg":"Server starting on port %s8080","time":"2025-05-26T15:16:08+08:00"}
{"level":"info","msg":"::1 - [Mon, 26 May 2025 15:16:13 CST] \"GET /api/v1/admin/users HTTP/1.1 200 3.8624ms \"\" \"\n","time":"2025-05-26T15:16:13+08:00"}
{"level":"info","msg":"Server starting on port %s8080","time":"2025-05-26T15:19:37+08:00"}
{"level":"info","msg":"::1 - [Mon, 26 May 2025 15:19:48 CST] \"GET /api/v1/admin/users HTTP/1.1 200 3.6499ms \"\" \"\n","time":"2025-05-26T15:19:48+08:00"}
{"level":"info","msg":"::1 - [Mon, 26 May 2025 15:19:49 CST] \"GET /api/v1/admin/users HTTP/1.1 200 2.756ms \"\" \"\n","time":"2025-05-26T15:19:49+08:00"}
{"level":"info","msg":"::1 - [Mon, 26 May 2025 15:19:59 CST] \"GET /api/v1/admin/users HTTP/1.1 200 3.0095ms \"\" \"\n","time":"2025-05-26T15:19:59+08:00"}
{"level":"info","msg":"Server starting on port %s8080","time":"2025-05-26T15:20:46+08:00"}
{"level":"info","msg":"::1 - [Mon, 26 May 2025 15:20:49 CST] \"GET /api/v1/admin/users HTTP/1.1 200 13.2372ms \"\" \"\n","time":"2025-05-26T15:20:49+08:00"}
{"level":"info","msg":"Server starting on port %s8080","time":"2025-05-26T15:21:18+08:00"}
{"level":"info","msg":"::1 - [Mon, 26 May 2025 15:21:22 CST] \"GET /api/v1/admin/users HTTP/1.1 200 2.9098ms \"\" \"\n","time":"2025-05-26T15:21:22+08:00"}
{"level":"info","msg":"::1 - [Mon, 26 May 2025 15:21:54 CST] \"GET /api/v1/admin/users HTTP/1.1 200 2.9085ms \"\" \"\n","time":"2025-05-26T15:21:54+08:00"}
{"level":"info","msg":"::1 - [Mon, 26 May 2025 15:21:59 CST] \"GET /api/v1/info/ HTTP/1.1 200 3.7989ms \"\" \"\n","time":"2025-05-26T15:21:59+08:00"}
{"level":"info","msg":"::1 - [Mon, 26 May 2025 15:22:06 CST] \"GET /api/v1/admin/users HTTP/1.1 200 2.5842ms \"\" \"\n","time":"2025-05-26T15:22:06+08:00"}
{"level":"info","msg":"::1 - [Mon, 26 May 2025 15:22:11 CST] \"GET /api/v1/admin/users HTTP/1.1 200 1.8179ms \"\" \"\n","time":"2025-05-26T15:22:11+08:00"}
{"level":"info","msg":"Server starting on port %s8080","time":"2025-05-26T15:22:35+08:00"}
{"level":"info","msg":"::1 - [Mon, 26 May 2025 15:22:38 CST] \"GET /api/v1/admin/users HTTP/1.1 200 1.6823ms \"\" \"\n","time":"2025-05-26T15:22:38+08:00"}
{"level":"info","msg":"Server starting on port %s8080","time":"2025-05-26T15:32:53+08:00"}
{"level":"info","msg":"::1 - [Mon, 26 May 2025 15:32:56 CST] \"GET /api/v1/admin/users HTTP/1.1 200 4.5419ms \"\" \"\n","time":"2025-05-26T15:32:56+08:00"}
{"level":"info","msg":"Server starting on port %s8080","time":"2025-05-26T15:33:43+08:00"}
{"level":"info","msg":"::1 - [Mon, 26 May 2025 15:33:45 CST] \"GET /api/v1/admin/users HTTP/1.1 200 2.3538ms \"\" \"\n","time":"2025-05-26T15:33:45+08:00"}
{"level":"info","msg":"Server starting on port %s8080","time":"2025-05-26T15:35:49+08:00"}
{"level":"info","msg":"Server starting on port %s8080","time":"2025-05-26T15:49:10+08:00"}
{"level":"info","msg":"Server starting on port %s8080","time":"2025-05-26T15:50:20+08:00"}
{"level":"info","msg":"Server starting on port %s8080","time":"2025-05-26T15:57:16+08:00"}
{"level":"info","msg":"Server starting on port %s8080","time":"2025-05-26T15:57:41+08:00"}
{"level":"info","msg":"Server starting on port %s8080","time":"2025-05-26T15:58:04+08:00"}
{"level":"info","msg":"Server starting on port %s8080","time":"2025-05-26T15:59:13+08:00"}
{"level":"info","msg":"::1 - [Mon, 26 May 2025 16:02:52 CST] \"GET /api/v1/admin/users HTTP/1.1 200 10.1487ms \"\" \"\n","time":"2025-05-26T16:02:52+08:00"}
{"level":"info","msg":"Server starting on port %s8080","time":"2025-05-26T16:10:41+08:00"}
{"level":"info","msg":"::1 - [Mon, 26 May 2025 16:10:48 CST] \"POST /api/v1/login HTTP/1.1 200 84.4803ms \"\" \"\n","time":"2025-05-26T16:10:48+08:00"}
{"level":"info","msg":"::1 - [Mon, 26 May 2025 16:11:02 CST] \"POST /api/v1/login HTTP/1.1 200 7.941193s \"\" \"\n","time":"2025-05-26T16:11:02+08:00"}
